<?xml version="1.0" encoding="UTF-8"?>
<testng-results skipped="0" failed="0" ignored="0" total="1" passed="1">
  <reporter-output>
  </reporter-output>
  <suite name="LoginTest" duration-ms="46744" started-at="2022-03-30T15:51:22 ICT" finished-at="2022-03-30T15:52:09 ICT">
    <groups>
    </groups>
    <test name="Test" duration-ms="46744" started-at="2022-03-30T15:51:22 ICT" finished-at="2022-03-30T15:52:09 ICT">
      <class name="TestCase.TestCaseLogin">
        <test-method status="PASS" signature="setUp()[pri:0, instance:TestCase.TestCaseLogin@394e1a0f]" name="setUp" is-config="true" duration-ms="32866" started-at="2022-03-30T15:51:22 ICT" finished-at="2022-03-30T15:51:55 ICT">
          <reporter-output>
          </reporter-output>
        </test-method> <!-- setUp -->
        <test-method status="PASS" signature="loginSuccess()[pri:0, instance:TestCase.TestCaseLogin@394e1a0f]" name="loginSuccess" duration-ms="12853" started-at="2022-03-30T15:51:55 ICT" finished-at="2022-03-30T15:52:08 ICT">
          <reporter-output>
          </reporter-output>
        </test-method> <!-- loginSuccess -->
        <test-method status="PASS" signature="tearDown()[pri:0, instance:TestCase.TestCaseLogin@394e1a0f]" name="tearDown" is-config="true" duration-ms="994" started-at="2022-03-30T15:52:08 ICT" finished-at="2022-03-30T15:52:09 ICT">
          <reporter-output>
          </reporter-output>
        </test-method> <!-- tearDown -->
      </class> <!-- TestCase.TestCaseLogin -->
    </test> <!-- Test -->
  </suite> <!-- LoginTest -->
</testng-results>
